<?xml version="1.0" encoding="UTF-8"?>
<testsuite xmlns:xsi="http://www.w3.org/2001/XMLSchema-instance" xsi:noNamespaceSchemaLocation="https://maven.apache.org/surefire/maven-failsafe-plugin/xsd/failsafe-test-report-3.0.xsd" version="3.0" name="starter.SauceDemo.WhenLoggingIN" time="8.751" tests="1" errors="0" skipped="0" failures="0">
  <properties>
    <property name="java.specification.version" value="23"/>
    <property name="sun.cpu.isalist" value="amd64"/>
    <property name="sun.jnu.encoding" value="Cp1252"/>
    <property name="java.class.path" value="F:\EGG-SERENITY\Serenityprueba\target\test-classes;F:\EGG-SERENITY\Serenityprueba\target\serenity-junit-screenplay-starter-1.0.0-SNAPSHOT.jar;C:\Users\PABLO JEFFERSON\.m2\repository\net\serenity-bdd\serenity-core\4.1.12\serenity-core-4.1.12.jar;C:\Users\PABLO JEFFERSON\.m2\repository\net\serenity-bdd\serenity-model\4.1.12\serenity-model-4.1.12.jar;C:\Users\PABLO JEFFERSON\.m2\repository\org\apache\commons\commons-text\1.11.0\commons-text-1.11.0.jar;C:\Users\PABLO JEFFERSON\.m2\repository\commons-net\commons-net\3.10.0\commons-net-3.10.0.jar;C:\Users\PABLO JEFFERSON\.m2\repository\com\google\guava\guava\33.1.0-jre\guava-33.1.0-jre.jar;C:\Users\PABLO JEFFERSON\.m2\repository\com\google\guava\failureaccess\1.0.2\failureaccess-1.0.2.jar;C:\Users\PABLO JEFFERSON\.m2\repository\com\google\guava\listenablefuture\9999.0-empty-to-avoid-conflict-with-guava\listenablefuture-9999.0-empty-to-avoid-conflict-with-guava.jar;C:\Users\PABLO JEFFERSON\.m2\repository\com\google\code\findbugs\jsr305\3.0.2\jsr305-3.0.2.jar;C:\Users\PABLO JEFFERSON\.m2\repository\org\checkerframework\checker-qual\3.42.0\checker-qual-3.42.0.jar;C:\Users\PABLO JEFFERSON\.m2\repository\com\google\errorprone\error_prone_annotations\2.26.1\error_prone_annotations-2.26.1.jar;C:\Users\PABLO JEFFERSON\.m2\repository\com\google\j2objc\j2objc-annotations\3.0.0\j2objc-annotations-3.0.0.jar;C:\Users\PABLO JEFFERSON\.m2\repository\org\jsoup\jsoup\1.15.4\jsoup-1.15.4.jar;C:\Users\PABLO JEFFERSON\.m2\repository\com\thoughtworks\xstream\xstream\1.4.20\xstream-1.4.20.jar;C:\Users\PABLO JEFFERSON\.m2\repository\io\github\x-stream\mxparser\1.2.2\mxparser-1.2.2.jar;C:\Users\PABLO JEFFERSON\.m2\repository\xmlpull\xmlpull\1.1.3.1\xmlpull-1.1.3.1.jar;C:\Users\PABLO JEFFERSON\.m2\repository\io\cucumber\cucumber-core\7.17.0\cucumber-core-7.17.0.jar;C:\Users\PABLO JEFFERSON\.m2\repository\io\cucumber\cucumber-gherkin\7.17.0\cucumber-gherkin-7.17.0.jar;C:\Users\PABLO JEFFERSON\.m2\repository\io\cucumber\cucumber-gherkin-messages\7.17.0\cucumber-gherkin-messages-7.17.0.jar;C:\Users\PABLO JEFFERSON\.m2\repository\io\cucumber\gherkin\28.0.0\gherkin-28.0.0.jar;C:\Users\PABLO JEFFERSON\.m2\repository\io\cucumber\messages\24.1.0\messages-24.1.0.jar;C:\Users\PABLO JEFFERSON\.m2\repository\io\cucumber\testng-xml-formatter\0.1.0\testng-xml-formatter-0.1.0.jar;C:\Users\PABLO JEFFERSON\.m2\repository\io\cucumber\query\12.2.0\query-12.2.0.jar;C:\Users\PABLO JEFFERSON\.m2\repository\io\cucumber\tag-expressions\6.1.0\tag-expressions-6.1.0.jar;C:\Users\PABLO JEFFERSON\.m2\repository\io\cucumber\cucumber-expressions\17.1.0\cucumber-expressions-17.1.0.jar;C:\Users\PABLO JEFFERSON\.m2\repository\io\cucumber\datatable\7.17.0\datatable-7.17.0.jar;C:\Users\PABLO JEFFERSON\.m2\repository\io\cucumber\cucumber-plugin\7.17.0\cucumber-plugin-7.17.0.jar;C:\Users\PABLO JEFFERSON\.m2\repository\io\cucumber\docstring\7.17.0\docstring-7.17.0.jar;C:\Users\PABLO JEFFERSON\.m2\repository\io\cucumber\html-formatter\21.3.1\html-formatter-21.3.1.jar;C:\Users\PABLO JEFFERSON\.m2\repository\io\cucumber\junit-xml-formatter\0.4.0\junit-xml-formatter-0.4.0.jar;C:\Users\PABLO JEFFERSON\.m2\repository\io\cucumber\ci-environment\10.0.1\ci-environment-10.0.1.jar;C:\Users\PABLO JEFFERSON\.m2\repository\io\cucumber\cucumber-java\7.17.0\cucumber-java-7.17.0.jar;C:\Users\PABLO JEFFERSON\.m2\repository\com\typesafe\config\1.4.3\config-1.4.3.jar;C:\Users\PABLO JEFFERSON\.m2\repository\org\imgscalr\imgscalr-lib\4.2\imgscalr-lib-4.2.jar;C:\Users\PABLO JEFFERSON\.m2\repository\org\awaitility\awaitility\4.2.0\awaitility-4.2.0.jar;C:\Users\PABLO JEFFERSON\.m2\repository\org\freemarker\freemarker\2.3.32\freemarker-2.3.32.jar;C:\Users\PABLO JEFFERSON\.m2\repository\io\github\classgraph\classgraph\4.8.157\classgraph-4.8.157.jar;C:\Users\PABLO JEFFERSON\.m2\repository\com\github\ben-manes\caffeine\caffeine\2.9.2\caffeine-2.9.2.jar;C:\Users\PABLO JEFFERSON\.m2\repository\org\ehcache\ehcache\3.10.8\ehcache-3.10.8.jar;C:\Users\PABLO JEFFERSON\.m2\repository\javax\cache\cache-api\1.1.0\cache-api-1.1.0.jar;C:\Users\PABLO JEFFERSON\.m2\repository\net\sourceforge\jexcelapi\jxl\2.6.12\jxl-2.6.12.jar;C:\Users\PABLO JEFFERSON\.m2\repository\net\bytebuddy\byte-buddy-agent\1.14.14\byte-buddy-agent-1.14.14.jar;C:\Users\PABLO JEFFERSON\.m2\repository\org\objenesis\objenesis\3.3\objenesis-3.3.jar;C:\Users\PABLO JEFFERSON\.m2\repository\com\vladsch\flexmark\flexmark-all\0.64.8\flexmark-all-0.64.8.jar;C:\Users\PABLO JEFFERSON\.m2\repository\com\vladsch\flexmark\flexmark\0.64.8\flexmark-0.64.8.jar;C:\Users\PABLO JEFFERSON\.m2\repository\com\vladsch\flexmark\flexmark-ext-abbreviation\0.64.8\flexmark-ext-abbreviation-0.64.8.jar;C:\Users\PABLO JEFFERSON\.m2\repository\com\vladsch\flexmark\flexmark-ext-admonition\0.64.8\flexmark-ext-admonition-0.64.8.jar;C:\Users\PABLO JEFFERSON\.m2\repository\com\vladsch\flexmark\flexmark-ext-anchorlink\0.64.8\flexmark-ext-anchorlink-0.64.8.jar;C:\Users\PABLO JEFFERSON\.m2\repository\com\vladsch\flexmark\flexmark-ext-aside\0.64.8\flexmark-ext-aside-0.64.8.jar;C:\Users\PABLO JEFFERSON\.m2\repository\com\vladsch\flexmark\flexmark-ext-attributes\0.64.8\flexmark-ext-attributes-0.64.8.jar;C:\Users\PABLO JEFFERSON\.m2\repository\com\vladsch\flexmark\flexmark-ext-autolink\0.64.8\flexmark-ext-autolink-0.64.8.jar;C:\Users\PABLO JEFFERSON\.m2\repository\org\nibor\autolink\autolink\0.6.0\autolink-0.6.0.jar;C:\Users\PABLO JEFFERSON\.m2\repository\com\vladsch\flexmark\flexmark-ext-definition\0.64.8\flexmark-ext-definition-0.64.8.jar;C:\Users\PABLO JEFFERSON\.m2\repository\com\vladsch\flexmark\flexmark-ext-emoji\0.64.8\flexmark-ext-emoji-0.64.8.jar;C:\Users\PABLO JEFFERSON\.m2\repository\com\vladsch\flexmark\flexmark-ext-enumerated-reference\0.64.8\flexmark-ext-enumerated-reference-0.64.8.jar;C:\Users\PABLO JEFFERSON\.m2\repository\com\vladsch\flexmark\flexmark-ext-escaped-character\0.64.8\flexmark-ext-escaped-character-0.64.8.jar;C:\Users\PABLO JEFFERSON\.m2\repository\com\vladsch\flexmark\flexmark-ext-footnotes\0.64.8\flexmark-ext-footnotes-0.64.8.jar;C:\Users\PABLO JEFFERSON\.m2\repository\com\vladsch\flexmark\flexmark-ext-gfm-issues\0.64.8\flexmark-ext-gfm-issues-0.64.8.jar;C:\Users\PABLO JEFFERSON\.m2\repository\com\vladsch\flexmark\flexmark-ext-gfm-strikethrough\0.64.8\flexmark-ext-gfm-strikethrough-0.64.8.jar;C:\Users\PABLO JEFFERSON\.m2\repository\com\vladsch\flexmark\flexmark-ext-gfm-tasklist\0.64.8\flexmark-ext-gfm-tasklist-0.64.8.jar;C:\Users\PABLO JEFFERSON\.m2\repository\com\vladsch\flexmark\flexmark-ext-gfm-users\0.64.8\flexmark-ext-gfm-users-0.64.8.jar;C:\Users\PABLO JEFFERSON\.m2\repository\com\vladsch\flexmark\flexmark-ext-gitlab\0.64.8\flexmark-ext-gitlab-0.64.8.jar;C:\Users\PABLO JEFFERSON\.m2\repository\com\vladsch\flexmark\flexmark-ext-jekyll-front-matter\0.64.8\flexmark-ext-jekyll-front-matter-0.64.8.jar;C:\Users\PABLO JEFFERSON\.m2\repository\com\vladsch\flexmark\flexmark-ext-jekyll-tag\0.64.8\flexmark-ext-jekyll-tag-0.64.8.jar;C:\Users\PABLO JEFFERSON\.m2\repository\com\vladsch\flexmark\flexmark-ext-media-tags\0.64.8\flexmark-ext-media-tags-0.64.8.jar;C:\Users\PABLO JEFFERSON\.m2\repository\com\vladsch\flexmark\flexmark-ext-macros\0.64.8\flexmark-ext-macros-0.64.8.jar;C:\Users\PABLO JEFFERSON\.m2\repository\com\vladsch\flexmark\flexmark-ext-ins\0.64.8\flexmark-ext-ins-0.64.8.jar;C:\Users\PABLO JEFFERSON\.m2\repository\com\vladsch\flexmark\flexmark-ext-xwiki-macros\0.64.8\flexmark-ext-xwiki-macros-0.64.8.jar;C:\Users\PABLO JEFFERSON\.m2\repository\com\vladsch\flexmark\flexmark-ext-superscript\0.64.8\flexmark-ext-superscript-0.64.8.jar;C:\Users\PABLO JEFFERSON\.m2\repository\com\vladsch\flexmark\flexmark-ext-toc\0.64.8\flexmark-ext-toc-0.64.8.jar;C:\Users\PABLO JEFFERSON\.m2\repository\com\vladsch\flexmark\flexmark-ext-typographic\0.64.8\flexmark-ext-typographic-0.64.8.jar;C:\Users\PABLO JEFFERSON\.m2\repository\com\vladsch\flexmark\flexmark-ext-wikilink\0.64.8\flexmark-ext-wikilink-0.64.8.jar;C:\Users\PABLO JEFFERSON\.m2\repository\com\vladsch\flexmark\flexmark-ext-yaml-front-matter\0.64.8\flexmark-ext-yaml-front-matter-0.64.8.jar;C:\Users\PABLO JEFFERSON\.m2\repository\com\vladsch\flexmark\flexmark-ext-youtube-embedded\0.64.8\flexmark-ext-youtube-embedded-0.64.8.jar;C:\Users\PABLO JEFFERSON\.m2\repository\com\vladsch\flexmark\flexmark-html2md-converter\0.64.8\flexmark-html2md-converter-0.64.8.jar;C:\Users\PABLO JEFFERSON\.m2\repository\com\vladsch\flexmark\flexmark-jira-converter\0.64.8\flexmark-jira-converter-0.64.8.jar;C:\Users\PABLO JEFFERSON\.m2\repository\com\vladsch\flexmark\flexmark-pdf-converter\0.64.8\flexmark-pdf-converter-0.64.8.jar;C:\Users\PABLO JEFFERSON\.m2\repository\com\openhtmltopdf\openhtmltopdf-core\1.0.10\openhtmltopdf-core-1.0.10.jar;C:\Users\PABLO JEFFERSON\.m2\repository\com\openhtmltopdf\openhtmltopdf-pdfbox\1.0.10\openhtmltopdf-pdfbox-1.0.10.jar;C:\Users\PABLO JEFFERSON\.m2\repository\org\apache\pdfbox\pdfbox\2.0.24\pdfbox-2.0.24.jar;C:\Users\PABLO JEFFERSON\.m2\repository\org\apache\pdfbox\fontbox\2.0.24\fontbox-2.0.24.jar;C:\Users\PABLO JEFFERSON\.m2\repository\org\apache\pdfbox\xmpbox\2.0.24\xmpbox-2.0.24.jar;C:\Users\PABLO JEFFERSON\.m2\repository\de\rototor\pdfbox\graphics2d\0.32\graphics2d-0.32.jar;C:\Users\PABLO JEFFERSON\.m2\repository\com\openhtmltopdf\openhtmltopdf-rtl-support\1.0.10\openhtmltopdf-rtl-support-1.0.10.jar;C:\Users\PABLO JEFFERSON\.m2\repository\com\vladsch\flexmark\flexmark-profile-pegdown\0.64.8\flexmark-profile-pegdown-0.64.8.jar;C:\Users\PABLO JEFFERSON\.m2\repository\com\vladsch\flexmark\flexmark-util-ast\0.64.8\flexmark-util-ast-0.64.8.jar;C:\Users\PABLO JEFFERSON\.m2\repository\com\vladsch\flexmark\flexmark-util-builder\0.64.8\flexmark-util-builder-0.64.8.jar;C:\Users\PABLO JEFFERSON\.m2\repository\com\vladsch\flexmark\flexmark-util-collection\0.64.8\flexmark-util-collection-0.64.8.jar;C:\Users\PABLO JEFFERSON\.m2\repository\com\vladsch\flexmark\flexmark-util-data\0.64.8\flexmark-util-data-0.64.8.jar;C:\Users\PABLO JEFFERSON\.m2\repository\com\vladsch\flexmark\flexmark-util-dependency\0.64.8\flexmark-util-dependency-0.64.8.jar;C:\Users\PABLO JEFFERSON\.m2\repository\com\vladsch\flexmark\flexmark-util-format\0.64.8\flexmark-util-format-0.64.8.jar;C:\Users\PABLO JEFFERSON\.m2\repository\com\vladsch\flexmark\flexmark-util-html\0.64.8\flexmark-util-html-0.64.8.jar;C:\Users\PABLO JEFFERSON\.m2\repository\com\vladsch\flexmark\flexmark-util-misc\0.64.8\flexmark-util-misc-0.64.8.jar;C:\Users\PABLO JEFFERSON\.m2\repository\com\vladsch\flexmark\flexmark-util-options\0.64.8\flexmark-util-options-0.64.8.jar;C:\Users\PABLO JEFFERSON\.m2\repository\com\vladsch\flexmark\flexmark-util-sequence\0.64.8\flexmark-util-sequence-0.64.8.jar;C:\Users\PABLO JEFFERSON\.m2\repository\com\vladsch\flexmark\flexmark-util-visitor\0.64.8\flexmark-util-visitor-0.64.8.jar;C:\Users\PABLO JEFFERSON\.m2\repository\com\vladsch\flexmark\flexmark-youtrack-converter\0.64.8\flexmark-youtrack-converter-0.64.8.jar;C:\Users\PABLO JEFFERSON\.m2\repository\com\vladsch\flexmark\flexmark-ext-resizable-image\0.64.8\flexmark-ext-resizable-image-0.64.8.jar;C:\Users\PABLO JEFFERSON\.m2\repository\com\vladsch\flexmark\flexmark-ext-tables\0.64.8\flexmark-ext-tables-0.64.8.jar;C:\Users\PABLO JEFFERSON\.m2\repository\com\vladsch\flexmark\flexmark-util\0.64.8\flexmark-util-0.64.8.jar;C:\Users\PABLO JEFFERSON\.m2\repository\net\serenity-bdd\serenity-reports\4.1.12\serenity-reports-4.1.12.jar;C:\Users\PABLO JEFFERSON\.m2\repository\net\serenity-bdd\serenity-stats\4.1.12\serenity-stats-4.1.12.jar;C:\Users\PABLO JEFFERSON\.m2\repository\net\serenity-bdd\serenity-reports-configuration\4.1.12\serenity-reports-configuration-4.1.12.jar;C:\Users\PABLO JEFFERSON\.m2\repository\com\ibm\icu\icu4j\72.1\icu4j-72.1.jar;C:\Users\PABLO JEFFERSON\.m2\repository\es\nitaur\markdown\txtmark\0.16\txtmark-0.16.jar;C:\Users\PABLO JEFFERSON\.m2\repository\net\serenity-bdd\serenity-report-resources\4.1.12\serenity-report-resources-4.1.12.jar;C:\Users\PABLO JEFFERSON\.m2\repository\com\google\code\gson\gson\2.10.1\gson-2.10.1.jar;C:\Users\PABLO JEFFERSON\.m2\repository\com\fasterxml\jackson\core\jackson-core\2.17.0\jackson-core-2.17.0.jar;C:\Users\PABLO JEFFERSON\.m2\repository\com\fasterxml\jackson\core\jackson-databind\2.17.0\jackson-databind-2.17.0.jar;C:\Users\PABLO JEFFERSON\.m2\repository\com\fasterxml\jackson\core\jackson-annotations\2.17.0\jackson-annotations-2.17.0.jar;C:\Users\PABLO JEFFERSON\.m2\repository\commons-codec\commons-codec\1.16.1\commons-codec-1.16.1.jar;C:\Users\PABLO JEFFERSON\.m2\repository\commons-io\commons-io\2.15.1\commons-io-2.15.1.jar;C:\Users\PABLO JEFFERSON\.m2\repository\org\apache\httpcomponents\httpclient\4.5.13\httpclient-4.5.13.jar;C:\Users\PABLO JEFFERSON\.m2\repository\org\apache\httpcomponents\httpcore\4.4.13\httpcore-4.4.13.jar;C:\Users\PABLO JEFFERSON\.m2\repository\commons-logging\commons-logging\1.2\commons-logging-1.2.jar;C:\Users\PABLO JEFFERSON\.m2\repository\org\seleniumhq\selenium\selenium-java\4.20.0\selenium-java-4.20.0.jar;C:\Users\PABLO JEFFERSON\.m2\repository\org\seleniumhq\selenium\selenium-devtools-v122\4.20.0\selenium-devtools-v122-4.20.0.jar;C:\Users\PABLO JEFFERSON\.m2\repository\org\seleniumhq\selenium\selenium-devtools-v123\4.20.0\selenium-devtools-v123-4.20.0.jar;C:\Users\PABLO JEFFERSON\.m2\repository\org\seleniumhq\selenium\selenium-devtools-v124\4.20.0\selenium-devtools-v124-4.20.0.jar;C:\Users\PABLO JEFFERSON\.m2\repository\org\seleniumhq\selenium\selenium-devtools-v85\4.20.0\selenium-devtools-v85-4.20.0.jar;C:\Users\PABLO JEFFERSON\.m2\repository\org\seleniumhq\selenium\selenium-remote-driver\4.20.0\selenium-remote-driver-4.20.0.jar;C:\Users\PABLO JEFFERSON\.m2\repository\io\opentelemetry\semconv\opentelemetry-semconv\1.25.0-alpha\opentelemetry-semconv-1.25.0-alpha.jar;C:\Users\PABLO JEFFERSON\.m2\repository\io\opentelemetry\opentelemetry-api\1.37.0\opentelemetry-api-1.37.0.jar;C:\Users\PABLO JEFFERSON\.m2\repository\io\opentelemetry\opentelemetry-context\1.37.0\opentelemetry-context-1.37.0.jar;C:\Users\PABLO JEFFERSON\.m2\repository\io\opentelemetry\opentelemetry-exporter-logging\1.37.0\opentelemetry-exporter-logging-1.37.0.jar;C:\Users\PABLO JEFFERSON\.m2\repository\io\opentelemetry\opentelemetry-sdk-common\1.37.0\opentelemetry-sdk-common-1.37.0.jar;C:\Users\PABLO JEFFERSON\.m2\repository\io\opentelemetry\opentelemetry-sdk-extension-autoconfigure-spi\1.37.0\opentelemetry-sdk-extension-autoconfigure-spi-1.37.0.jar;C:\Users\PABLO JEFFERSON\.m2\repository\io\opentelemetry\opentelemetry-sdk-extension-autoconfigure\1.37.0\opentelemetry-sdk-extension-autoconfigure-1.37.0.jar;C:\Users\PABLO JEFFERSON\.m2\repository\io\opentelemetry\opentelemetry-api-incubator\1.37.0-alpha\opentelemetry-api-incubator-1.37.0-alpha.jar;C:\Users\PABLO JEFFERSON\.m2\repository\io\opentelemetry\opentelemetry-sdk-trace\1.37.0\opentelemetry-sdk-trace-1.37.0.jar;C:\Users\PABLO JEFFERSON\.m2\repository\io\opentelemetry\opentelemetry-sdk\1.37.0\opentelemetry-sdk-1.37.0.jar;C:\Users\PABLO JEFFERSON\.m2\repository\io\opentelemetry\opentelemetry-sdk-metrics\1.37.0\opentelemetry-sdk-metrics-1.37.0.jar;C:\Users\PABLO JEFFERSON\.m2\repository\io\opentelemetry\opentelemetry-sdk-logs\1.37.0\opentelemetry-sdk-logs-1.37.0.jar;C:\Users\PABLO JEFFERSON\.m2\repository\org\seleniumhq\selenium\selenium-os\4.20.0\selenium-os-4.20.0.jar;C:\Users\PABLO JEFFERSON\.m2\repository\org\apache\commons\commons-exec\1.4.0\commons-exec-1.4.0.jar;C:\Users\PABLO JEFFERSON\.m2\repository\org\seleniumhq\selenium\selenium-safari-driver\4.20.0\selenium-safari-driver-4.20.0.jar;C:\Users\PABLO JEFFERSON\.m2\repository\org\seleniumhq\selenium\selenium-api\4.20.0\selenium-api-4.20.0.jar;C:\Users\PABLO JEFFERSON\.m2\repository\org\seleniumhq\selenium\selenium-support\4.20.0\selenium-support-4.20.0.jar;C:\Users\PABLO JEFFERSON\.m2\repository\com\google\auto\service\auto-service-annotations\1.1.1\auto-service-annotations-1.1.1.jar;C:\Users\PABLO JEFFERSON\.m2\repository\org\seleniumhq\selenium\selenium-json\4.20.0\selenium-json-4.20.0.jar;C:\Users\PABLO JEFFERSON\.m2\repository\org\seleniumhq\selenium\selenium-chrome-driver\4.20.0\selenium-chrome-driver-4.20.0.jar;C:\Users\PABLO JEFFERSON\.m2\repository\org\seleniumhq\selenium\selenium-chromium-driver\4.20.0\selenium-chromium-driver-4.20.0.jar;C:\Users\PABLO JEFFERSON\.m2\repository\org\seleniumhq\selenium\selenium-manager\4.20.0\selenium-manager-4.20.0.jar;C:\Users\PABLO JEFFERSON\.m2\repository\org\seleniumhq\selenium\selenium-firefox-driver\4.20.0\selenium-firefox-driver-4.20.0.jar;C:\Users\PABLO JEFFERSON\.m2\repository\org\seleniumhq\selenium\selenium-http\4.20.0\selenium-http-4.20.0.jar;C:\Users\PABLO JEFFERSON\.m2\repository\dev\failsafe\failsafe\3.3.2\failsafe-3.3.2.jar;C:\Users\PABLO JEFFERSON\.m2\repository\org\seleniumhq\selenium\selenium-edge-driver\4.20.0\selenium-edge-driver-4.20.0.jar;C:\Users\PABLO JEFFERSON\.m2\repository\org\seleniumhq\selenium\selenium-ie-driver\4.20.0\selenium-ie-driver-4.20.0.jar;C:\Users\PABLO JEFFERSON\.m2\repository\org\htmlunit\htmlunit\4.0.0\htmlunit-4.0.0.jar;C:\Users\PABLO JEFFERSON\.m2\repository\org\apache\httpcomponents\httpmime\4.5.14\httpmime-4.5.14.jar;C:\Users\PABLO JEFFERSON\.m2\repository\org\htmlunit\htmlunit-core-js\4.0.0\htmlunit-core-js-4.0.0.jar;C:\Users\PABLO JEFFERSON\.m2\repository\org\htmlunit\neko-htmlunit\4.0.0\neko-htmlunit-4.0.0.jar;C:\Users\PABLO JEFFERSON\.m2\repository\org\htmlunit\htmlunit-cssparser\4.0.0\htmlunit-cssparser-4.0.0.jar;C:\Users\PABLO JEFFERSON\.m2\repository\org\htmlunit\htmlunit-xpath\4.0.0\htmlunit-xpath-4.0.0.jar;C:\Users\PABLO JEFFERSON\.m2\repository\org\htmlunit\htmlunit-csp\4.0.0\htmlunit-csp-4.0.0.jar;C:\Users\PABLO JEFFERSON\.m2\repository\org\htmlunit\htmlunit-websocket-client\4.0.0\htmlunit-websocket-client-4.0.0.jar;C:\Users\PABLO JEFFERSON\.m2\repository\org\brotli\dec\0.1.2\dec-0.1.2.jar;C:\Users\PABLO JEFFERSON\.m2\repository\org\seleniumhq\selenium\htmlunit3-driver\4.20.0\htmlunit3-driver-4.20.0.jar;C:\Users\PABLO JEFFERSON\.m2\repository\io\appium\java-client\9.2.2\java-client-9.2.2.jar;C:\Users\PABLO JEFFERSON\.m2\repository\org\apache\groovy\groovy\4.0.13\groovy-4.0.13.jar;C:\Users\PABLO JEFFERSON\.m2\repository\net\sf\opencsv\opencsv\2.1\opencsv-2.1.jar;C:\Users\PABLO JEFFERSON\.m2\repository\org\apache\commons\commons-lang3\3.14.0\commons-lang3-3.14.0.jar;C:\Users\PABLO JEFFERSON\.m2\repository\org\apache\commons\commons-compress\1.26.0\commons-compress-1.26.0.jar;C:\Users\PABLO JEFFERSON\.m2\repository\org\fluentlenium\fluentlenium-core\0.10.2\fluentlenium-core-0.10.2.jar;C:\Users\PABLO JEFFERSON\.m2\repository\com\jhlabs\filters\2.0.235\filters-2.0.235.jar;C:\Users\PABLO JEFFERSON\.m2\repository\com\paulhammant\ngwebdriver\1.1.6\ngwebdriver-1.1.6.jar;C:\Users\PABLO JEFFERSON\.m2\repository\joda-time\joda-time\2.12.7\joda-time-2.12.7.jar;C:\Users\PABLO JEFFERSON\.m2\repository\org\hamcrest\hamcrest\2.2\hamcrest-2.2.jar;C:\Users\PABLO JEFFERSON\.m2\repository\com\google\jimfs\jimfs\1.3.0\jimfs-1.3.0.jar;C:\Users\PABLO JEFFERSON\.m2\repository\org\mockito\mockito-core\3.3.3\mockito-core-3.3.3.jar;C:\Users\PABLO JEFFERSON\.m2\repository\javax\xml\bind\jaxb-api\2.3.1\jaxb-api-2.3.1.jar;C:\Users\PABLO JEFFERSON\.m2\repository\javax\activation\javax.activation-api\1.2.0\javax.activation-api-1.2.0.jar;C:\Users\PABLO JEFFERSON\.m2\repository\com\sun\xml\bind\jaxb-core\2.3.0.1\jaxb-core-2.3.0.1.jar;C:\Users\PABLO JEFFERSON\.m2\repository\com\sun\xml\bind\jaxb-impl\2.3.3\jaxb-impl-2.3.3.jar;C:\Users\PABLO JEFFERSON\.m2\repository\jakarta\xml\bind\jakarta.xml.bind-api\2.3.3\jakarta.xml.bind-api-2.3.3.jar;C:\Users\PABLO JEFFERSON\.m2\repository\com\sun\activation\jakarta.activation\1.2.2\jakarta.activation-1.2.2.jar;C:\Users\PABLO JEFFERSON\.m2\repository\javax\activation\activation\1.1.1\activation-1.1.1.jar;C:\Users\PABLO JEFFERSON\.m2\repository\net\serenity-bdd\serenity-junit5\4.1.12\serenity-junit5-4.1.12.jar;C:\Users\PABLO JEFFERSON\.m2\repository\org\junit\jupiter\junit-jupiter-params\5.10.2\junit-jupiter-params-5.10.2.jar;C:\Users\PABLO JEFFERSON\.m2\repository\org\junit\platform\junit-platform-launcher\1.10.2\junit-platform-launcher-1.10.2.jar;C:\Users\PABLO JEFFERSON\.m2\repository\net\serenity-bdd\serenity-screenplay\4.1.12\serenity-screenplay-4.1.12.jar;C:\Users\PABLO JEFFERSON\.m2\repository\net\serenity-bdd\serenity-ensure\4.1.12\serenity-ensure-4.1.12.jar;C:\Users\PABLO JEFFERSON\.m2\repository\org\jetbrains\kotlin\kotlin-stdlib\1.9.23\kotlin-stdlib-1.9.23.jar;C:\Users\PABLO JEFFERSON\.m2\repository\org\jetbrains\annotations\13.0\annotations-13.0.jar;C:\Users\PABLO JEFFERSON\.m2\repository\net\serenity-bdd\serenity-screenplay-webdriver\4.1.12\serenity-screenplay-webdriver-4.1.12.jar;C:\Users\PABLO JEFFERSON\.m2\repository\ch\qos\logback\logback-classic\1.2.10\logback-classic-1.2.10.jar;C:\Users\PABLO JEFFERSON\.m2\repository\ch\qos\logback\logback-core\1.2.10\logback-core-1.2.10.jar;C:\Users\PABLO JEFFERSON\.m2\repository\org\slf4j\slf4j-api\1.7.32\slf4j-api-1.7.32.jar;C:\Users\PABLO JEFFERSON\.m2\repository\org\junit\jupiter\junit-jupiter-api\5.10.2\junit-jupiter-api-5.10.2.jar;C:\Users\PABLO JEFFERSON\.m2\repository\org\opentest4j\opentest4j\1.3.0\opentest4j-1.3.0.jar;C:\Users\PABLO JEFFERSON\.m2\repository\org\junit\platform\junit-platform-commons\1.10.2\junit-platform-commons-1.10.2.jar;C:\Users\PABLO JEFFERSON\.m2\repository\org\apiguardian\apiguardian-api\1.1.2\apiguardian-api-1.1.2.jar;C:\Users\PABLO JEFFERSON\.m2\repository\org\junit\jupiter\junit-jupiter-engine\5.10.2\junit-jupiter-engine-5.10.2.jar;C:\Users\PABLO JEFFERSON\.m2\repository\org\junit\platform\junit-platform-engine\1.10.2\junit-platform-engine-1.10.2.jar;C:\Users\PABLO JEFFERSON\.m2\repository\org\assertj\assertj-core\3.24.2\assertj-core-3.24.2.jar;C:\Users\PABLO JEFFERSON\.m2\repository\net\bytebuddy\byte-buddy\1.12.21\byte-buddy-1.12.21.jar;"/>
    <property name="java.vm.vendor" value="Oracle Corporation"/>
    <property name="sun.arch.data.model" value="64"/>
    <property name="user.variant" value=""/>
    <property name="java.vendor.url" value="https://java.oracle.com/"/>
    <property name="user.timezone" value="America/Lima"/>
    <property name="os.name" value="Windows 10"/>
    <property name="java.vm.specification.version" value="23"/>
    <property name="sun.java.launcher" value="SUN_STANDARD"/>
    <property name="user.country" value="PE"/>
    <property name="sun.boot.library.path" value="C:\Program Files\Java\jdk-23\bin"/>
    <property name="sun.java.command" value="C:\Users\PABLO JEFFERSON\AppData\Local\Temp\surefire8766904398435440933\surefirebooter-20241019015430789_6.jar C:\Users\PABLO JEFFERSON\AppData\Local\Temp\surefire8766904398435440933 2024-10-19T01-54-29_940-jvmRun2 surefire-20241019015430789_1tmp surefire_1-20241019015430789_3tmp"/>
    <property name="jdk.debug" value="release"/>
    <property name="surefire.test.class.path" value="F:\EGG-SERENITY\Serenityprueba\target\test-classes;F:\EGG-SERENITY\Serenityprueba\target\serenity-junit-screenplay-starter-1.0.0-SNAPSHOT.jar;C:\Users\PABLO JEFFERSON\.m2\repository\net\serenity-bdd\serenity-core\4.1.12\serenity-core-4.1.12.jar;C:\Users\PABLO JEFFERSON\.m2\repository\net\serenity-bdd\serenity-model\4.1.12\serenity-model-4.1.12.jar;C:\Users\PABLO JEFFERSON\.m2\repository\org\apache\commons\commons-text\1.11.0\commons-text-1.11.0.jar;C:\Users\PABLO JEFFERSON\.m2\repository\commons-net\commons-net\3.10.0\commons-net-3.10.0.jar;C:\Users\PABLO JEFFERSON\.m2\repository\com\google\guava\guava\33.1.0-jre\guava-33.1.0-jre.jar;C:\Users\PABLO JEFFERSON\.m2\repository\com\google\guava\failureaccess\1.0.2\failureaccess-1.0.2.jar;C:\Users\PABLO JEFFERSON\.m2\repository\com\google\guava\listenablefuture\9999.0-empty-to-avoid-conflict-with-guava\listenablefuture-9999.0-empty-to-avoid-conflict-with-guava.jar;C:\Users\PABLO JEFFERSON\.m2\repository\com\google\code\findbugs\jsr305\3.0.2\jsr305-3.0.2.jar;C:\Users\PABLO JEFFERSON\.m2\repository\org\checkerframework\checker-qual\3.42.0\checker-qual-3.42.0.jar;C:\Users\PABLO JEFFERSON\.m2\repository\com\google\errorprone\error_prone_annotations\2.26.1\error_prone_annotations-2.26.1.jar;C:\Users\PABLO JEFFERSON\.m2\repository\com\google\j2objc\j2objc-annotations\3.0.0\j2objc-annotations-3.0.0.jar;C:\Users\PABLO JEFFERSON\.m2\repository\org\jsoup\jsoup\1.15.4\jsoup-1.15.4.jar;C:\Users\PABLO JEFFERSON\.m2\repository\com\thoughtworks\xstream\xstream\1.4.20\xstream-1.4.20.jar;C:\Users\PABLO JEFFERSON\.m2\repository\io\github\x-stream\mxparser\1.2.2\mxparser-1.2.2.jar;C:\Users\PABLO JEFFERSON\.m2\repository\xmlpull\xmlpull\1.1.3.1\xmlpull-1.1.3.1.jar;C:\Users\PABLO JEFFERSON\.m2\repository\io\cucumber\cucumber-core\7.17.0\cucumber-core-7.17.0.jar;C:\Users\PABLO JEFFERSON\.m2\repository\io\cucumber\cucumber-gherkin\7.17.0\cucumber-gherkin-7.17.0.jar;C:\Users\PABLO JEFFERSON\.m2\repository\io\cucumber\cucumber-gherkin-messages\7.17.0\cucumber-gherkin-messages-7.17.0.jar;C:\Users\PABLO JEFFERSON\.m2\repository\io\cucumber\gherkin\28.0.0\gherkin-28.0.0.jar;C:\Users\PABLO JEFFERSON\.m2\repository\io\cucumber\messages\24.1.0\messages-24.1.0.jar;C:\Users\PABLO JEFFERSON\.m2\repository\io\cucumber\testng-xml-formatter\0.1.0\testng-xml-formatter-0.1.0.jar;C:\Users\PABLO JEFFERSON\.m2\repository\io\cucumber\query\12.2.0\query-12.2.0.jar;C:\Users\PABLO JEFFERSON\.m2\repository\io\cucumber\tag-expressions\6.1.0\tag-expressions-6.1.0.jar;C:\Users\PABLO JEFFERSON\.m2\repository\io\cucumber\cucumber-expressions\17.1.0\cucumber-expressions-17.1.0.jar;C:\Users\PABLO JEFFERSON\.m2\repository\io\cucumber\datatable\7.17.0\datatable-7.17.0.jar;C:\Users\PABLO JEFFERSON\.m2\repository\io\cucumber\cucumber-plugin\7.17.0\cucumber-plugin-7.17.0.jar;C:\Users\PABLO JEFFERSON\.m2\repository\io\cucumber\docstring\7.17.0\docstring-7.17.0.jar;C:\Users\PABLO JEFFERSON\.m2\repository\io\cucumber\html-formatter\21.3.1\html-formatter-21.3.1.jar;C:\Users\PABLO JEFFERSON\.m2\repository\io\cucumber\junit-xml-formatter\0.4.0\junit-xml-formatter-0.4.0.jar;C:\Users\PABLO JEFFERSON\.m2\repository\io\cucumber\ci-environment\10.0.1\ci-environment-10.0.1.jar;C:\Users\PABLO JEFFERSON\.m2\repository\io\cucumber\cucumber-java\7.17.0\cucumber-java-7.17.0.jar;C:\Users\PABLO JEFFERSON\.m2\repository\com\typesafe\config\1.4.3\config-1.4.3.jar;C:\Users\PABLO JEFFERSON\.m2\repository\org\imgscalr\imgscalr-lib\4.2\imgscalr-lib-4.2.jar;C:\Users\PABLO JEFFERSON\.m2\repository\org\awaitility\awaitility\4.2.0\awaitility-4.2.0.jar;C:\Users\PABLO JEFFERSON\.m2\repository\org\freemarker\freemarker\2.3.32\freemarker-2.3.32.jar;C:\Users\PABLO JEFFERSON\.m2\repository\io\github\classgraph\classgraph\4.8.157\classgraph-4.8.157.jar;C:\Users\PABLO JEFFERSON\.m2\repository\com\github\ben-manes\caffeine\caffeine\2.9.2\caffeine-2.9.2.jar;C:\Users\PABLO JEFFERSON\.m2\repository\org\ehcache\ehcache\3.10.8\ehcache-3.10.8.jar;C:\Users\PABLO JEFFERSON\.m2\repository\javax\cache\cache-api\1.1.0\cache-api-1.1.0.jar;C:\Users\PABLO JEFFERSON\.m2\repository\net\sourceforge\jexcelapi\jxl\2.6.12\jxl-2.6.12.jar;C:\Users\PABLO JEFFERSON\.m2\repository\net\bytebuddy\byte-buddy-agent\1.14.14\byte-buddy-agent-1.14.14.jar;C:\Users\PABLO JEFFERSON\.m2\repository\org\objenesis\objenesis\3.3\objenesis-3.3.jar;C:\Users\PABLO JEFFERSON\.m2\repository\com\vladsch\flexmark\flexmark-all\0.64.8\flexmark-all-0.64.8.jar;C:\Users\PABLO JEFFERSON\.m2\repository\com\vladsch\flexmark\flexmark\0.64.8\flexmark-0.64.8.jar;C:\Users\PABLO JEFFERSON\.m2\repository\com\vladsch\flexmark\flexmark-ext-abbreviation\0.64.8\flexmark-ext-abbreviation-0.64.8.jar;C:\Users\PABLO JEFFERSON\.m2\repository\com\vladsch\flexmark\flexmark-ext-admonition\0.64.8\flexmark-ext-admonition-0.64.8.jar;C:\Users\PABLO JEFFERSON\.m2\repository\com\vladsch\flexmark\flexmark-ext-anchorlink\0.64.8\flexmark-ext-anchorlink-0.64.8.jar;C:\Users\PABLO JEFFERSON\.m2\repository\com\vladsch\flexmark\flexmark-ext-aside\0.64.8\flexmark-ext-aside-0.64.8.jar;C:\Users\PABLO JEFFERSON\.m2\repository\com\vladsch\flexmark\flexmark-ext-attributes\0.64.8\flexmark-ext-attributes-0.64.8.jar;C:\Users\PABLO JEFFERSON\.m2\repository\com\vladsch\flexmark\flexmark-ext-autolink\0.64.8\flexmark-ext-autolink-0.64.8.jar;C:\Users\PABLO JEFFERSON\.m2\repository\org\nibor\autolink\autolink\0.6.0\autolink-0.6.0.jar;C:\Users\PABLO JEFFERSON\.m2\repository\com\vladsch\flexmark\flexmark-ext-definition\0.64.8\flexmark-ext-definition-0.64.8.jar;C:\Users\PABLO JEFFERSON\.m2\repository\com\vladsch\flexmark\flexmark-ext-emoji\0.64.8\flexmark-ext-emoji-0.64.8.jar;C:\Users\PABLO JEFFERSON\.m2\repository\com\vladsch\flexmark\flexmark-ext-enumerated-reference\0.64.8\flexmark-ext-enumerated-reference-0.64.8.jar;C:\Users\PABLO JEFFERSON\.m2\repository\com\vladsch\flexmark\flexmark-ext-escaped-character\0.64.8\flexmark-ext-escaped-character-0.64.8.jar;C:\Users\PABLO JEFFERSON\.m2\repository\com\vladsch\flexmark\flexmark-ext-footnotes\0.64.8\flexmark-ext-footnotes-0.64.8.jar;C:\Users\PABLO JEFFERSON\.m2\repository\com\vladsch\flexmark\flexmark-ext-gfm-issues\0.64.8\flexmark-ext-gfm-issues-0.64.8.jar;C:\Users\PABLO JEFFERSON\.m2\repository\com\vladsch\flexmark\flexmark-ext-gfm-strikethrough\0.64.8\flexmark-ext-gfm-strikethrough-0.64.8.jar;C:\Users\PABLO JEFFERSON\.m2\repository\com\vladsch\flexmark\flexmark-ext-gfm-tasklist\0.64.8\flexmark-ext-gfm-tasklist-0.64.8.jar;C:\Users\PABLO JEFFERSON\.m2\repository\com\vladsch\flexmark\flexmark-ext-gfm-users\0.64.8\flexmark-ext-gfm-users-0.64.8.jar;C:\Users\PABLO JEFFERSON\.m2\repository\com\vladsch\flexmark\flexmark-ext-gitlab\0.64.8\flexmark-ext-gitlab-0.64.8.jar;C:\Users\PABLO JEFFERSON\.m2\repository\com\vladsch\flexmark\flexmark-ext-jekyll-front-matter\0.64.8\flexmark-ext-jekyll-front-matter-0.64.8.jar;C:\Users\PABLO JEFFERSON\.m2\repository\com\vladsch\flexmark\flexmark-ext-jekyll-tag\0.64.8\flexmark-ext-jekyll-tag-0.64.8.jar;C:\Users\PABLO JEFFERSON\.m2\repository\com\vladsch\flexmark\flexmark-ext-media-tags\0.64.8\flexmark-ext-media-tags-0.64.8.jar;C:\Users\PABLO JEFFERSON\.m2\repository\com\vladsch\flexmark\flexmark-ext-macros\0.64.8\flexmark-ext-macros-0.64.8.jar;C:\Users\PABLO JEFFERSON\.m2\repository\com\vladsch\flexmark\flexmark-ext-ins\0.64.8\flexmark-ext-ins-0.64.8.jar;C:\Users\PABLO JEFFERSON\.m2\repository\com\vladsch\flexmark\flexmark-ext-xwiki-macros\0.64.8\flexmark-ext-xwiki-macros-0.64.8.jar;C:\Users\PABLO JEFFERSON\.m2\repository\com\vladsch\flexmark\flexmark-ext-superscript\0.64.8\flexmark-ext-superscript-0.64.8.jar;C:\Users\PABLO JEFFERSON\.m2\repository\com\vladsch\flexmark\flexmark-ext-toc\0.64.8\flexmark-ext-toc-0.64.8.jar;C:\Users\PABLO JEFFERSON\.m2\repository\com\vladsch\flexmark\flexmark-ext-typographic\0.64.8\flexmark-ext-typographic-0.64.8.jar;C:\Users\PABLO JEFFERSON\.m2\repository\com\vladsch\flexmark\flexmark-ext-wikilink\0.64.8\flexmark-ext-wikilink-0.64.8.jar;C:\Users\PABLO JEFFERSON\.m2\repository\com\vladsch\flexmark\flexmark-ext-yaml-front-matter\0.64.8\flexmark-ext-yaml-front-matter-0.64.8.jar;C:\Users\PABLO JEFFERSON\.m2\repository\com\vladsch\flexmark\flexmark-ext-youtube-embedded\0.64.8\flexmark-ext-youtube-embedded-0.64.8.jar;C:\Users\PABLO JEFFERSON\.m2\repository\com\vladsch\flexmark\flexmark-html2md-converter\0.64.8\flexmark-html2md-converter-0.64.8.jar;C:\Users\PABLO JEFFERSON\.m2\repository\com\vladsch\flexmark\flexmark-jira-converter\0.64.8\flexmark-jira-converter-0.64.8.jar;C:\Users\PABLO JEFFERSON\.m2\repository\com\vladsch\flexmark\flexmark-pdf-converter\0.64.8\flexmark-pdf-converter-0.64.8.jar;C:\Users\PABLO JEFFERSON\.m2\repository\com\openhtmltopdf\openhtmltopdf-core\1.0.10\openhtmltopdf-core-1.0.10.jar;C:\Users\PABLO JEFFERSON\.m2\repository\com\openhtmltopdf\openhtmltopdf-pdfbox\1.0.10\openhtmltopdf-pdfbox-1.0.10.jar;C:\Users\PABLO JEFFERSON\.m2\repository\org\apache\pdfbox\pdfbox\2.0.24\pdfbox-2.0.24.jar;C:\Users\PABLO JEFFERSON\.m2\repository\org\apache\pdfbox\fontbox\2.0.24\fontbox-2.0.24.jar;C:\Users\PABLO JEFFERSON\.m2\repository\org\apache\pdfbox\xmpbox\2.0.24\xmpbox-2.0.24.jar;C:\Users\PABLO JEFFERSON\.m2\repository\de\rototor\pdfbox\graphics2d\0.32\graphics2d-0.32.jar;C:\Users\PABLO JEFFERSON\.m2\repository\com\openhtmltopdf\openhtmltopdf-rtl-support\1.0.10\openhtmltopdf-rtl-support-1.0.10.jar;C:\Users\PABLO JEFFERSON\.m2\repository\com\vladsch\flexmark\flexmark-profile-pegdown\0.64.8\flexmark-profile-pegdown-0.64.8.jar;C:\Users\PABLO JEFFERSON\.m2\repository\com\vladsch\flexmark\flexmark-util-ast\0.64.8\flexmark-util-ast-0.64.8.jar;C:\Users\PABLO JEFFERSON\.m2\repository\com\vladsch\flexmark\flexmark-util-builder\0.64.8\flexmark-util-builder-0.64.8.jar;C:\Users\PABLO JEFFERSON\.m2\repository\com\vladsch\flexmark\flexmark-util-collection\0.64.8\flexmark-util-collection-0.64.8.jar;C:\Users\PABLO JEFFERSON\.m2\repository\com\vladsch\flexmark\flexmark-util-data\0.64.8\flexmark-util-data-0.64.8.jar;C:\Users\PABLO JEFFERSON\.m2\repository\com\vladsch\flexmark\flexmark-util-dependency\0.64.8\flexmark-util-dependency-0.64.8.jar;C:\Users\PABLO JEFFERSON\.m2\repository\com\vladsch\flexmark\flexmark-util-format\0.64.8\flexmark-util-format-0.64.8.jar;C:\Users\PABLO JEFFERSON\.m2\repository\com\vladsch\flexmark\flexmark-util-html\0.64.8\flexmark-util-html-0.64.8.jar;C:\Users\PABLO JEFFERSON\.m2\repository\com\vladsch\flexmark\flexmark-util-misc\0.64.8\flexmark-util-misc-0.64.8.jar;C:\Users\PABLO JEFFERSON\.m2\repository\com\vladsch\flexmark\flexmark-util-options\0.64.8\flexmark-util-options-0.64.8.jar;C:\Users\PABLO JEFFERSON\.m2\repository\com\vladsch\flexmark\flexmark-util-sequence\0.64.8\flexmark-util-sequence-0.64.8.jar;C:\Users\PABLO JEFFERSON\.m2\repository\com\vladsch\flexmark\flexmark-util-visitor\0.64.8\flexmark-util-visitor-0.64.8.jar;C:\Users\PABLO JEFFERSON\.m2\repository\com\vladsch\flexmark\flexmark-youtrack-converter\0.64.8\flexmark-youtrack-converter-0.64.8.jar;C:\Users\PABLO JEFFERSON\.m2\repository\com\vladsch\flexmark\flexmark-ext-resizable-image\0.64.8\flexmark-ext-resizable-image-0.64.8.jar;C:\Users\PABLO JEFFERSON\.m2\repository\com\vladsch\flexmark\flexmark-ext-tables\0.64.8\flexmark-ext-tables-0.64.8.jar;C:\Users\PABLO JEFFERSON\.m2\repository\com\vladsch\flexmark\flexmark-util\0.64.8\flexmark-util-0.64.8.jar;C:\Users\PABLO JEFFERSON\.m2\repository\net\serenity-bdd\serenity-reports\4.1.12\serenity-reports-4.1.12.jar;C:\Users\PABLO JEFFERSON\.m2\repository\net\serenity-bdd\serenity-stats\4.1.12\serenity-stats-4.1.12.jar;C:\Users\PABLO JEFFERSON\.m2\repository\net\serenity-bdd\serenity-reports-configuration\4.1.12\serenity-reports-configuration-4.1.12.jar;C:\Users\PABLO JEFFERSON\.m2\repository\com\ibm\icu\icu4j\72.1\icu4j-72.1.jar;C:\Users\PABLO JEFFERSON\.m2\repository\es\nitaur\markdown\txtmark\0.16\txtmark-0.16.jar;C:\Users\PABLO JEFFERSON\.m2\repository\net\serenity-bdd\serenity-report-resources\4.1.12\serenity-report-resources-4.1.12.jar;C:\Users\PABLO JEFFERSON\.m2\repository\com\google\code\gson\gson\2.10.1\gson-2.10.1.jar;C:\Users\PABLO JEFFERSON\.m2\repository\com\fasterxml\jackson\core\jackson-core\2.17.0\jackson-core-2.17.0.jar;C:\Users\PABLO JEFFERSON\.m2\repository\com\fasterxml\jackson\core\jackson-databind\2.17.0\jackson-databind-2.17.0.jar;C:\Users\PABLO JEFFERSON\.m2\repository\com\fasterxml\jackson\core\jackson-annotations\2.17.0\jackson-annotations-2.17.0.jar;C:\Users\PABLO JEFFERSON\.m2\repository\commons-codec\commons-codec\1.16.1\commons-codec-1.16.1.jar;C:\Users\PABLO JEFFERSON\.m2\repository\commons-io\commons-io\2.15.1\commons-io-2.15.1.jar;C:\Users\PABLO JEFFERSON\.m2\repository\org\apache\httpcomponents\httpclient\4.5.13\httpclient-4.5.13.jar;C:\Users\PABLO JEFFERSON\.m2\repository\org\apache\httpcomponents\httpcore\4.4.13\httpcore-4.4.13.jar;C:\Users\PABLO JEFFERSON\.m2\repository\commons-logging\commons-logging\1.2\commons-logging-1.2.jar;C:\Users\PABLO JEFFERSON\.m2\repository\org\seleniumhq\selenium\selenium-java\4.20.0\selenium-java-4.20.0.jar;C:\Users\PABLO JEFFERSON\.m2\repository\org\seleniumhq\selenium\selenium-devtools-v122\4.20.0\selenium-devtools-v122-4.20.0.jar;C:\Users\PABLO JEFFERSON\.m2\repository\org\seleniumhq\selenium\selenium-devtools-v123\4.20.0\selenium-devtools-v123-4.20.0.jar;C:\Users\PABLO JEFFERSON\.m2\repository\org\seleniumhq\selenium\selenium-devtools-v124\4.20.0\selenium-devtools-v124-4.20.0.jar;C:\Users\PABLO JEFFERSON\.m2\repository\org\seleniumhq\selenium\selenium-devtools-v85\4.20.0\selenium-devtools-v85-4.20.0.jar;C:\Users\PABLO JEFFERSON\.m2\repository\org\seleniumhq\selenium\selenium-remote-driver\4.20.0\selenium-remote-driver-4.20.0.jar;C:\Users\PABLO JEFFERSON\.m2\repository\io\opentelemetry\semconv\opentelemetry-semconv\1.25.0-alpha\opentelemetry-semconv-1.25.0-alpha.jar;C:\Users\PABLO JEFFERSON\.m2\repository\io\opentelemetry\opentelemetry-api\1.37.0\opentelemetry-api-1.37.0.jar;C:\Users\PABLO JEFFERSON\.m2\repository\io\opentelemetry\opentelemetry-context\1.37.0\opentelemetry-context-1.37.0.jar;C:\Users\PABLO JEFFERSON\.m2\repository\io\opentelemetry\opentelemetry-exporter-logging\1.37.0\opentelemetry-exporter-logging-1.37.0.jar;C:\Users\PABLO JEFFERSON\.m2\repository\io\opentelemetry\opentelemetry-sdk-common\1.37.0\opentelemetry-sdk-common-1.37.0.jar;C:\Users\PABLO JEFFERSON\.m2\repository\io\opentelemetry\opentelemetry-sdk-extension-autoconfigure-spi\1.37.0\opentelemetry-sdk-extension-autoconfigure-spi-1.37.0.jar;C:\Users\PABLO JEFFERSON\.m2\repository\io\opentelemetry\opentelemetry-sdk-extension-autoconfigure\1.37.0\opentelemetry-sdk-extension-autoconfigure-1.37.0.jar;C:\Users\PABLO JEFFERSON\.m2\repository\io\opentelemetry\opentelemetry-api-incubator\1.37.0-alpha\opentelemetry-api-incubator-1.37.0-alpha.jar;C:\Users\PABLO JEFFERSON\.m2\repository\io\opentelemetry\opentelemetry-sdk-trace\1.37.0\opentelemetry-sdk-trace-1.37.0.jar;C:\Users\PABLO JEFFERSON\.m2\repository\io\opentelemetry\opentelemetry-sdk\1.37.0\opentelemetry-sdk-1.37.0.jar;C:\Users\PABLO JEFFERSON\.m2\repository\io\opentelemetry\opentelemetry-sdk-metrics\1.37.0\opentelemetry-sdk-metrics-1.37.0.jar;C:\Users\PABLO JEFFERSON\.m2\repository\io\opentelemetry\opentelemetry-sdk-logs\1.37.0\opentelemetry-sdk-logs-1.37.0.jar;C:\Users\PABLO JEFFERSON\.m2\repository\org\seleniumhq\selenium\selenium-os\4.20.0\selenium-os-4.20.0.jar;C:\Users\PABLO JEFFERSON\.m2\repository\org\apache\commons\commons-exec\1.4.0\commons-exec-1.4.0.jar;C:\Users\PABLO JEFFERSON\.m2\repository\org\seleniumhq\selenium\selenium-safari-driver\4.20.0\selenium-safari-driver-4.20.0.jar;C:\Users\PABLO JEFFERSON\.m2\repository\org\seleniumhq\selenium\selenium-api\4.20.0\selenium-api-4.20.0.jar;C:\Users\PABLO JEFFERSON\.m2\repository\org\seleniumhq\selenium\selenium-support\4.20.0\selenium-support-4.20.0.jar;C:\Users\PABLO JEFFERSON\.m2\repository\com\google\auto\service\auto-service-annotations\1.1.1\auto-service-annotations-1.1.1.jar;C:\Users\PABLO JEFFERSON\.m2\repository\org\seleniumhq\selenium\selenium-json\4.20.0\selenium-json-4.20.0.jar;C:\Users\PABLO JEFFERSON\.m2\repository\org\seleniumhq\selenium\selenium-chrome-driver\4.20.0\selenium-chrome-driver-4.20.0.jar;C:\Users\PABLO JEFFERSON\.m2\repository\org\seleniumhq\selenium\selenium-chromium-driver\4.20.0\selenium-chromium-driver-4.20.0.jar;C:\Users\PABLO JEFFERSON\.m2\repository\org\seleniumhq\selenium\selenium-manager\4.20.0\selenium-manager-4.20.0.jar;C:\Users\PABLO JEFFERSON\.m2\repository\org\seleniumhq\selenium\selenium-firefox-driver\4.20.0\selenium-firefox-driver-4.20.0.jar;C:\Users\PABLO JEFFERSON\.m2\repository\org\seleniumhq\selenium\selenium-http\4.20.0\selenium-http-4.20.0.jar;C:\Users\PABLO JEFFERSON\.m2\repository\dev\failsafe\failsafe\3.3.2\failsafe-3.3.2.jar;C:\Users\PABLO JEFFERSON\.m2\repository\org\seleniumhq\selenium\selenium-edge-driver\4.20.0\selenium-edge-driver-4.20.0.jar;C:\Users\PABLO JEFFERSON\.m2\repository\org\seleniumhq\selenium\selenium-ie-driver\4.20.0\selenium-ie-driver-4.20.0.jar;C:\Users\PABLO JEFFERSON\.m2\repository\org\htmlunit\htmlunit\4.0.0\htmlunit-4.0.0.jar;C:\Users\PABLO JEFFERSON\.m2\repository\org\apache\httpcomponents\httpmime\4.5.14\httpmime-4.5.14.jar;C:\Users\PABLO JEFFERSON\.m2\repository\org\htmlunit\htmlunit-core-js\4.0.0\htmlunit-core-js-4.0.0.jar;C:\Users\PABLO JEFFERSON\.m2\repository\org\htmlunit\neko-htmlunit\4.0.0\neko-htmlunit-4.0.0.jar;C:\Users\PABLO JEFFERSON\.m2\repository\org\htmlunit\htmlunit-cssparser\4.0.0\htmlunit-cssparser-4.0.0.jar;C:\Users\PABLO JEFFERSON\.m2\repository\org\htmlunit\htmlunit-xpath\4.0.0\htmlunit-xpath-4.0.0.jar;C:\Users\PABLO JEFFERSON\.m2\repository\org\htmlunit\htmlunit-csp\4.0.0\htmlunit-csp-4.0.0.jar;C:\Users\PABLO JEFFERSON\.m2\repository\org\htmlunit\htmlunit-websocket-client\4.0.0\htmlunit-websocket-client-4.0.0.jar;C:\Users\PABLO JEFFERSON\.m2\repository\org\brotli\dec\0.1.2\dec-0.1.2.jar;C:\Users\PABLO JEFFERSON\.m2\repository\org\seleniumhq\selenium\htmlunit3-driver\4.20.0\htmlunit3-driver-4.20.0.jar;C:\Users\PABLO JEFFERSON\.m2\repository\io\appium\java-client\9.2.2\java-client-9.2.2.jar;C:\Users\PABLO JEFFERSON\.m2\repository\org\apache\groovy\groovy\4.0.13\groovy-4.0.13.jar;C:\Users\PABLO JEFFERSON\.m2\repository\net\sf\opencsv\opencsv\2.1\opencsv-2.1.jar;C:\Users\PABLO JEFFERSON\.m2\repository\org\apache\commons\commons-lang3\3.14.0\commons-lang3-3.14.0.jar;C:\Users\PABLO JEFFERSON\.m2\repository\org\apache\commons\commons-compress\1.26.0\commons-compress-1.26.0.jar;C:\Users\PABLO JEFFERSON\.m2\repository\org\fluentlenium\fluentlenium-core\0.10.2\fluentlenium-core-0.10.2.jar;C:\Users\PABLO JEFFERSON\.m2\repository\com\jhlabs\filters\2.0.235\filters-2.0.235.jar;C:\Users\PABLO JEFFERSON\.m2\repository\com\paulhammant\ngwebdriver\1.1.6\ngwebdriver-1.1.6.jar;C:\Users\PABLO JEFFERSON\.m2\repository\joda-time\joda-time\2.12.7\joda-time-2.12.7.jar;C:\Users\PABLO JEFFERSON\.m2\repository\org\hamcrest\hamcrest\2.2\hamcrest-2.2.jar;C:\Users\PABLO JEFFERSON\.m2\repository\com\google\jimfs\jimfs\1.3.0\jimfs-1.3.0.jar;C:\Users\PABLO JEFFERSON\.m2\repository\org\mockito\mockito-core\3.3.3\mockito-core-3.3.3.jar;C:\Users\PABLO JEFFERSON\.m2\repository\javax\xml\bind\jaxb-api\2.3.1\jaxb-api-2.3.1.jar;C:\Users\PABLO JEFFERSON\.m2\repository\javax\activation\javax.activation-api\1.2.0\javax.activation-api-1.2.0.jar;C:\Users\PABLO JEFFERSON\.m2\repository\com\sun\xml\bind\jaxb-core\2.3.0.1\jaxb-core-2.3.0.1.jar;C:\Users\PABLO JEFFERSON\.m2\repository\com\sun\xml\bind\jaxb-impl\2.3.3\jaxb-impl-2.3.3.jar;C:\Users\PABLO JEFFERSON\.m2\repository\jakarta\xml\bind\jakarta.xml.bind-api\2.3.3\jakarta.xml.bind-api-2.3.3.jar;C:\Users\PABLO JEFFERSON\.m2\repository\com\sun\activation\jakarta.activation\1.2.2\jakarta.activation-1.2.2.jar;C:\Users\PABLO JEFFERSON\.m2\repository\javax\activation\activation\1.1.1\activation-1.1.1.jar;C:\Users\PABLO JEFFERSON\.m2\repository\net\serenity-bdd\serenity-junit5\4.1.12\serenity-junit5-4.1.12.jar;C:\Users\PABLO JEFFERSON\.m2\repository\org\junit\jupiter\junit-jupiter-params\5.10.2\junit-jupiter-params-5.10.2.jar;C:\Users\PABLO JEFFERSON\.m2\repository\org\junit\platform\junit-platform-launcher\1.10.2\junit-platform-launcher-1.10.2.jar;C:\Users\PABLO JEFFERSON\.m2\repository\net\serenity-bdd\serenity-screenplay\4.1.12\serenity-screenplay-4.1.12.jar;C:\Users\PABLO JEFFERSON\.m2\repository\net\serenity-bdd\serenity-ensure\4.1.12\serenity-ensure-4.1.12.jar;C:\Users\PABLO JEFFERSON\.m2\repository\org\jetbrains\kotlin\kotlin-stdlib\1.9.23\kotlin-stdlib-1.9.23.jar;C:\Users\PABLO JEFFERSON\.m2\repository\org\jetbrains\annotations\13.0\annotations-13.0.jar;C:\Users\PABLO JEFFERSON\.m2\repository\net\serenity-bdd\serenity-screenplay-webdriver\4.1.12\serenity-screenplay-webdriver-4.1.12.jar;C:\Users\PABLO JEFFERSON\.m2\repository\ch\qos\logback\logback-classic\1.2.10\logback-classic-1.2.10.jar;C:\Users\PABLO JEFFERSON\.m2\repository\ch\qos\logback\logback-core\1.2.10\logback-core-1.2.10.jar;C:\Users\PABLO JEFFERSON\.m2\repository\org\slf4j\slf4j-api\1.7.32\slf4j-api-1.7.32.jar;C:\Users\PABLO JEFFERSON\.m2\repository\org\junit\jupiter\junit-jupiter-api\5.10.2\junit-jupiter-api-5.10.2.jar;C:\Users\PABLO JEFFERSON\.m2\repository\org\opentest4j\opentest4j\1.3.0\opentest4j-1.3.0.jar;C:\Users\PABLO JEFFERSON\.m2\repository\org\junit\platform\junit-platform-commons\1.10.2\junit-platform-commons-1.10.2.jar;C:\Users\PABLO JEFFERSON\.m2\repository\org\apiguardian\apiguardian-api\1.1.2\apiguardian-api-1.1.2.jar;C:\Users\PABLO JEFFERSON\.m2\repository\org\junit\jupiter\junit-jupiter-engine\5.10.2\junit-jupiter-engine-5.10.2.jar;C:\Users\PABLO JEFFERSON\.m2\repository\org\junit\platform\junit-platform-engine\1.10.2\junit-platform-engine-1.10.2.jar;C:\Users\PABLO JEFFERSON\.m2\repository\org\assertj\assertj-core\3.24.2\assertj-core-3.24.2.jar;C:\Users\PABLO JEFFERSON\.m2\repository\net\bytebuddy\byte-buddy\1.12.21\byte-buddy-1.12.21.jar;"/>
    <property name="sun.cpu.endian" value="little"/>
    <property name="user.home" value="C:\Users\PABLO JEFFERSON"/>
    <property name="user.language" value="es"/>
    <property name="java.specification.vendor" value="Oracle Corporation"/>
    <property name="java.version.date" value="2024-10-15"/>
    <property name="java.home" value="C:\Program Files\Java\jdk-23"/>
    <property name="file.separator" value="\"/>
    <property name="basedir" value="F:\EGG-SERENITY\Serenityprueba"/>
    <property name="java.vm.compressedOopsMode" value="Zero based"/>
    <property name="line.separator" value="&#10;"/>
    <property name="java.vm.specification.vendor" value="Oracle Corporation"/>
    <property name="java.specification.name" value="Java Platform API Specification"/>
    <property name="surefire.real.class.path" value="C:\Users\PABLO JEFFERSON\AppData\Local\Temp\surefire8766904398435440933\surefirebooter-20241019015430789_6.jar"/>
    <property name="user.script" value=""/>
    <property name="sun.management.compiler" value="HotSpot 64-Bit Tiered Compilers"/>
    <property name="java.runtime.version" value="23.0.1+11-39"/>
    <property name="user.name" value="PABLO JEFFERSON"/>
    <property name="stdout.encoding" value="Cp1252"/>
    <property name="path.separator" value=";"/>
    <property name="os.version" value="10.0"/>
    <property name="java.runtime.name" value="Java(TM) SE Runtime Environment"/>
    <property name="file.encoding" value="UTF-8"/>
    <property name="webdriver.base.url" value=""/>
    <property name="java.vm.name" value="Java HotSpot(TM) 64-Bit Server VM"/>
    <property name="localRepository" value="C:\Users\PABLO JEFFERSON\.m2\repository"/>
    <property name="java.vendor.url.bug" value="https://bugreport.java.com/bugreport/"/>
    <property name="java.io.tmpdir" value="C:\Users\PABLOJ~1\AppData\Local\Temp\"/>
    <property name="java.version" value="23.0.1"/>
    <property name="user.dir" value="F:\EGG-SERENITY\Serenityprueba"/>
    <property name="os.arch" value="amd64"/>
    <property name="java.vm.specification.name" value="Java Virtual Machine Specification"/>
    <property name="sun.os.patch.level" value=""/>
    <property name="native.encoding" value="Cp1252"/>
    <property name="java.library.path" value="C:\Program Files\Java\jdk-23\bin;C:\Windows\Sun\Java\bin;C:\Windows\system32;C:\Windows;C:\Program Files\Common Files\Oracle\Java\javapath;C:\Program Files\Java\jdk-20.0.2.9-hotspot\bin;C:\Windows\system32;C:\Windows;C:\Windows\System32\Wbem;C:\Windows\System32\WindowsPowerShell\v1.0\;C:\Windows\System32\OpenSSH\;C:\Program Files\NVIDIA Corporation\NVIDIA NvDLISR;C:\Program Files (x86)\NVIDIA Corporation\PhysX\Common;C:\Program Files\Polyspace\R2020a\runtime\win64;C:\Program Files\Polyspace\R2020a\bin;C:\Program Files\Polyspace\R2020a\polyspace\bin;C:\Program Files\PuTTY\;C:\Program Files\Git\cmd;C:\Program Files\Git\bin;C:\Program Files\Git\cmd;C:\Program Files\nodejs\;C:\Program Files\MySQL\MySQL Server 8.0\bin;C:\Program Files\Java\apache-maven-3.9.9\bin;C:\Program Files\Java\jdk-23\bin;C:\Users\PABLO JEFFERSON\AppData\Local\Microsoft\WindowsApps;C:\flutter\bin;C:\Users\PABLO JEFFERSON\AppData\Roaming\npm;C:\Users\PABLO JEFFERSON\AppData\Local\Programs\Microsoft VS Code\bin;."/>
    <property name="junit.jupiter.extensions.autodetection.enabled" value="true"/>
    <property name="java.vm.info" value="mixed mode, sharing"/>
    <property name="stderr.encoding" value="Cp1252"/>
    <property name="java.vendor" value="Oracle Corporation"/>
    <property name="java.vm.version" value="23.0.1+11-39"/>
    <property name="sun.io.unicode.encoding" value="UnicodeLittle"/>
    <property name="java.class.version" value="67.0"/>
  </properties>
  <testcase name="shouldDisplaySauceLabsBackpackWhenSearchingByKeyword" classname="starter.SauceDemo.WhenLoggingIN" time="7.326">
    <system-err><![CDATA[WARNING: A Java agent has been loaded dynamically (C:\Users\PABLO JEFFERSON\.m2\repository\net\bytebuddy\byte-buddy-agent\1.14.14\byte-buddy-agent-1.14.14.jar)
WARNING: If a serviceability tool is in use, please run with -XX:+EnableDynamicAgentLoading to hide this warning
WARNING: If a serviceability tool is not in use, please run with -Djdk.instrument.traceUsage for more information
WARNING: Dynamic loading of agents will be disallowed by default in a future release
oct. 19, 2024 1:54:34 A. M. org.openqa.selenium.devtools.CdpVersionFinder findNearestMatch
WARNING: Unable to find CDP implementation matching 130
oct. 19, 2024 1:54:34 A. M. org.openqa.selenium.chromium.ChromiumDriver lambda$new$5
WARNING: Unable to find version of CDP to use for 130.0.2849.46. You may need to include a dependency on a specific version of the CDP using something similar to `org.seleniumhq.selenium:selenium-devtools-v86:4.20.0` where the version ("v86") matches the version of the chromium-based browser you're using and the version number of the artifact is the same as Selenium's.
]]></system-err>
  </testcase>
</testsuite>